<?xml version="1.0" encoding="UTF-8"?>
<!-- Generated by org.testng.reporters.JUnitXMLReporter -->
<testsuite ignored="0" hostname="MAA-5CG9353V5P" failures="1" tests="3" name="LoginErrorValidation" time="29.683" errors="0" timestamp="2024-04-28T15:39:01 IST">
  <testcase classname="MyProjects.Tests.ErrorValidation" name="LoginErrorValidation" time="0.641">
    <skipped/>
  </testcase> <!-- LoginErrorValidation -->
  <testcase classname="MyProjects.Tests.ErrorValidation" name="LoginErrorValidation" time="0.597">
    <failure type="java.lang.AssertionError" message="expected [Incorrect email or password.] but found [Incorrect email password.]">
      <![CDATA[java.lang.AssertionError: expected [Incorrect email or password.] but found [Incorrect email password.]
at MyProjects.Tests.ErrorValidation.LoginErrorValidation(ErrorValidation.java:23)
at java.base/java.util.ArrayList.forEach(ArrayList.java:1511)
... Removed 31 stack frames]]>
    </failure>
  </testcase> <!-- LoginErrorValidation -->
  <testcase classname="MyProjects.Tests.ErrorValidation" name="ProductErrorValidation" time="12.016"/>
</testsuite> <!-- LoginErrorValidation -->
