<?xml version="1.0" encoding="UTF-8"?>
<!-- Generated by org.testng.reporters.JUnitXMLReporter -->
<testsuite ignored="0" hostname="MAA-5CG9353V5P" failures="0" tests="3" name="SubmitOrderTest" time="39.134" errors="0" timestamp="2024-04-28T15:38:31 IST">
  <testcase classname="MyProjects.Tests.SubmitPage" name="submitOrder" time="5.746"/>
  <testcase classname="MyProjects.Tests.SubmitPage" name="submitOrder" time="13.039"/>
  <testcase classname="MyProjects.Tests.SubmitPage" name="OrderHistortTest" time="0.943"/>
</testsuite> <!-- SubmitOrderTest -->
